[0.482s] DEBUG:colcon:Command line arguments: ['/usr/bin/colcon', 'build', '--packages-select', 'mcity_socket_pub']
[0.483s] DEBUG:colcon:Parsed command line arguments: Namespace(log_base=None, log_level=None, verb_name='build', build_base='build', install_base='install', merge_install=False, symlink_install=False, test_result_base=None, continue_on_error=False, executor='parallel', parallel_workers=2, event_handlers=None, ignore_user_meta=False, metas=['./colcon.meta'], base_paths=['.'], packages_ignore=None, packages_ignore_regex=None, paths=None, packages_up_to=None, packages_up_to_regex=None, packages_above=None, packages_above_and_dependencies=None, packages_above_depth=None, packages_select_by_dep=None, packages_skip_by_dep=None, packages_skip_up_to=None, packages_select_build_failed=False, packages_skip_build_finished=False, packages_select_test_failures=False, packages_skip_test_passed=False, packages_select=['mcity_socket_pub'], packages_skip=None, packages_select_regex=None, packages_skip_regex=None, packages_start=None, packages_end=None, cmake_args=None, cmake_target=None, cmake_target_skip_unavailable=False, cmake_clean_cache=False, cmake_clean_first=False, cmake_force_configure=False, ament_cmake_args=None, catkin_cmake_args=None, catkin_skip_building_tests=False, mixin_files=None, mixin=None, verb_parser=<colcon_mixin.mixin.mixin_argument.MixinArgumentDecorator object at 0x7f3de5054250>, verb_extension=<colcon_core.verb.build.BuildVerb object at 0x7f3de518fd90>, main=<bound method BuildVerb.main of <colcon_core.verb.build.BuildVerb object at 0x7f3de518fd90>>, mixin_verb=('build',))
[0.540s] Level 1:colcon.colcon_core.package_discovery:discover_packages(colcon_meta) check parameters
[0.541s] INFO:colcon.colcon_metadata.package_discovery.colcon_meta:Using configuration from '/root/.colcon/metadata/default/Gazebo.meta'
[0.542s] INFO:colcon.colcon_metadata.package_discovery.colcon_meta:Using configuration from '/root/.colcon/metadata/default/fastrtps.meta'
[0.542s] Level 1:colcon.colcon_core.package_discovery:discover_packages(recursive) check parameters
[0.543s] Level 1:colcon.colcon_core.package_discovery:discover_packages(ignore) check parameters
[0.543s] Level 1:colcon.colcon_core.package_discovery:discover_packages(path) check parameters
[0.543s] Level 1:colcon.colcon_core.package_discovery:discover_packages(colcon_meta) discover
[0.543s] Level 1:colcon.colcon_core.package_discovery:discover_packages(recursive) discover
[0.543s] INFO:colcon.colcon_core.package_discovery:Crawling recursively for packages in '/root/mcity_socket_pub'
[0.543s] Level 1:colcon.colcon_core.package_identification:_identify(.) by extensions ['ignore', 'ignore_ament_install']
[0.543s] Level 1:colcon.colcon_core.package_identification:_identify(.) by extension 'ignore'
[0.543s] Level 1:colcon.colcon_core.package_identification:_identify(.) by extension 'ignore_ament_install'
[0.543s] Level 1:colcon.colcon_core.package_identification:_identify(.) by extensions ['colcon_pkg']
[0.544s] Level 1:colcon.colcon_core.package_identification:_identify(.) by extension 'colcon_pkg'
[0.544s] Level 1:colcon.colcon_core.package_identification:_identify(.) by extensions ['colcon_meta']
[0.544s] Level 1:colcon.colcon_core.package_identification:_identify(.) by extension 'colcon_meta'
[0.544s] Level 1:colcon.colcon_core.package_identification:_identify(.) by extensions ['ros']
[0.544s] Level 1:colcon.colcon_core.package_identification:_identify(.) by extension 'ros'
[0.566s] DEBUG:colcon.colcon_core.package_identification:Package '.' with type 'ros.ament_python' and name 'mcity_socket_pub'
[0.567s] Level 1:colcon.colcon_core.package_discovery:discover_packages(recursive) using defaults
[0.567s] Level 1:colcon.colcon_core.package_discovery:discover_packages(ignore) discover
[0.567s] Level 1:colcon.colcon_core.package_discovery:discover_packages(ignore) using defaults
[0.567s] Level 1:colcon.colcon_core.package_discovery:discover_packages(path) discover
[0.567s] Level 1:colcon.colcon_core.package_discovery:discover_packages(path) using defaults
[0.610s] Level 5:colcon.colcon_core.verb:set package 'mcity_socket_pub' build argument 'cmake_args' from command line to 'None'
[0.611s] Level 5:colcon.colcon_core.verb:set package 'mcity_socket_pub' build argument 'cmake_target' from command line to 'None'
[0.611s] Level 5:colcon.colcon_core.verb:set package 'mcity_socket_pub' build argument 'cmake_target_skip_unavailable' from command line to 'False'
[0.611s] Level 5:colcon.colcon_core.verb:set package 'mcity_socket_pub' build argument 'cmake_clean_cache' from command line to 'False'
[0.611s] Level 5:colcon.colcon_core.verb:set package 'mcity_socket_pub' build argument 'cmake_clean_first' from command line to 'False'
[0.611s] Level 5:colcon.colcon_core.verb:set package 'mcity_socket_pub' build argument 'cmake_force_configure' from command line to 'False'
[0.611s] Level 5:colcon.colcon_core.verb:set package 'mcity_socket_pub' build argument 'ament_cmake_args' from command line to 'None'
[0.611s] Level 5:colcon.colcon_core.verb:set package 'mcity_socket_pub' build argument 'catkin_cmake_args' from command line to 'None'
[0.611s] Level 5:colcon.colcon_core.verb:set package 'mcity_socket_pub' build argument 'catkin_skip_building_tests' from command line to 'False'
[0.611s] DEBUG:colcon.colcon_core.verb:Building package 'mcity_socket_pub' with the following arguments: {'ament_cmake_args': None, 'build_base': '/root/mcity_socket_pub/build/mcity_socket_pub', 'catkin_cmake_args': None, 'catkin_skip_building_tests': False, 'cmake_args': None, 'cmake_clean_cache': False, 'cmake_clean_first': False, 'cmake_force_configure': False, 'cmake_target': None, 'cmake_target_skip_unavailable': False, 'install_base': '/root/mcity_socket_pub/install/mcity_socket_pub', 'merge_install': False, 'path': '/root/mcity_socket_pub', 'symlink_install': False, 'test_result_base': None}
[0.612s] INFO:colcon.colcon_core.executor:Executing jobs using 'parallel' executor
[0.620s] DEBUG:colcon.colcon_parallel_executor.executor.parallel:run_until_complete
[0.621s] INFO:colcon.colcon_ros.task.ament_python.build:Building ROS package in '/root/mcity_socket_pub' with build type 'ament_python'
[0.621s] Level 1:colcon.colcon_core.shell:create_environment_hook('mcity_socket_pub', 'ament_prefix_path')
[0.631s] INFO:colcon.colcon_core.plugin_system:Skipping extension 'colcon_core.shell.bat': Not used on non-Windows systems
[0.632s] INFO:colcon.colcon_core.shell:Creating environment hook '/root/mcity_socket_pub/install/mcity_socket_pub/share/mcity_socket_pub/hook/ament_prefix_path.ps1'
[0.633s] INFO:colcon.colcon_core.shell:Creating environment descriptor '/root/mcity_socket_pub/install/mcity_socket_pub/share/mcity_socket_pub/hook/ament_prefix_path.dsv'
[0.636s] INFO:colcon.colcon_core.shell:Creating environment hook '/root/mcity_socket_pub/install/mcity_socket_pub/share/mcity_socket_pub/hook/ament_prefix_path.sh'
[0.639s] INFO:colcon.colcon_core.shell:Skip shell extension 'powershell' for command environment: Not usable outside of PowerShell
[0.639s] DEBUG:colcon.colcon_core.shell:Skip shell extension 'dsv' for command environment
[1.201s] INFO:colcon.colcon_core.task.python.build:Building Python package in '/root/mcity_socket_pub'
[1.204s] INFO:colcon.colcon_core.shell:Skip shell extension 'powershell' for command environment: Not usable outside of PowerShell
[1.205s] DEBUG:colcon.colcon_core.shell:Skip shell extension 'dsv' for command environment
[1.793s] DEBUG:colcon.colcon_core.event_handler.log_command:Invoking command in '/root/mcity_socket_pub': PYTHONPATH=/root/mcity_socket_pub/build/mcity_socket_pub/prefix_override:/root/mcity_socket_pub/install/mcity_socket_pub/lib/python3.10/site-packages:${PYTHONPATH} /usr/bin/python3 setup.py egg_info --egg-base build/mcity_socket_pub build --build-base /root/mcity_socket_pub/build/mcity_socket_pub/build install --record /root/mcity_socket_pub/build/mcity_socket_pub/install.log --single-version-externally-managed
[2.322s] DEBUG:colcon.colcon_core.event_handler.log_command:Invoked command in '/root/mcity_socket_pub' returned '0': PYTHONPATH=/root/mcity_socket_pub/build/mcity_socket_pub/prefix_override:/root/mcity_socket_pub/install/mcity_socket_pub/lib/python3.10/site-packages:${PYTHONPATH} /usr/bin/python3 setup.py egg_info --egg-base build/mcity_socket_pub build --build-base /root/mcity_socket_pub/build/mcity_socket_pub/build install --record /root/mcity_socket_pub/build/mcity_socket_pub/install.log --single-version-externally-managed
[2.333s] Level 1:colcon.colcon_core.environment:checking '/root/mcity_socket_pub/install/mcity_socket_pub' for CMake module files
[2.335s] Level 1:colcon.colcon_core.environment:checking '/root/mcity_socket_pub/install/mcity_socket_pub' for CMake config files
[2.336s] Level 1:colcon.colcon_core.environment:checking '/root/mcity_socket_pub/install/mcity_socket_pub/lib'
[2.336s] Level 1:colcon.colcon_core.environment:checking '/root/mcity_socket_pub/install/mcity_socket_pub/bin'
[2.337s] Level 1:colcon.colcon_core.environment:checking '/root/mcity_socket_pub/install/mcity_socket_pub/lib/pkgconfig/mcity_socket_pub.pc'
[2.337s] Level 1:colcon.colcon_core.environment:checking '/root/mcity_socket_pub/install/mcity_socket_pub/lib/python3.10/site-packages'
[2.337s] Level 1:colcon.colcon_core.shell:create_environment_hook('mcity_socket_pub', 'pythonpath')
[2.340s] INFO:colcon.colcon_core.shell:Creating environment hook '/root/mcity_socket_pub/install/mcity_socket_pub/share/mcity_socket_pub/hook/pythonpath.ps1'
[2.342s] INFO:colcon.colcon_core.shell:Creating environment descriptor '/root/mcity_socket_pub/install/mcity_socket_pub/share/mcity_socket_pub/hook/pythonpath.dsv'
[2.345s] INFO:colcon.colcon_core.shell:Creating environment hook '/root/mcity_socket_pub/install/mcity_socket_pub/share/mcity_socket_pub/hook/pythonpath.sh'
[2.346s] Level 1:colcon.colcon_core.environment:checking '/root/mcity_socket_pub/install/mcity_socket_pub/bin'
[2.347s] Level 1:colcon.colcon_core.environment:create_environment_scripts_only(mcity_socket_pub)
[2.349s] INFO:colcon.colcon_core.shell:Creating package script '/root/mcity_socket_pub/install/mcity_socket_pub/share/mcity_socket_pub/package.ps1'
[2.357s] INFO:colcon.colcon_core.shell:Creating package descriptor '/root/mcity_socket_pub/install/mcity_socket_pub/share/mcity_socket_pub/package.dsv'
[2.359s] INFO:colcon.colcon_core.shell:Creating package script '/root/mcity_socket_pub/install/mcity_socket_pub/share/mcity_socket_pub/package.sh'
[2.361s] INFO:colcon.colcon_core.shell:Creating package script '/root/mcity_socket_pub/install/mcity_socket_pub/share/mcity_socket_pub/package.bash'
[2.364s] INFO:colcon.colcon_core.shell:Creating package script '/root/mcity_socket_pub/install/mcity_socket_pub/share/mcity_socket_pub/package.zsh'
[2.366s] Level 1:colcon.colcon_core.environment:create_file_with_runtime_dependencies(/root/mcity_socket_pub/install/mcity_socket_pub/share/colcon-core/packages/mcity_socket_pub)
[2.367s] DEBUG:colcon.colcon_parallel_executor.executor.parallel:closing loop
[2.368s] DEBUG:colcon.colcon_parallel_executor.executor.parallel:loop closed
[2.368s] DEBUG:colcon.colcon_parallel_executor.executor.parallel:run_until_complete finished with '0'
[2.370s] DEBUG:colcon.colcon_core.event_reactor:joining thread
[2.420s] INFO:colcon.colcon_core.plugin_system:Skipping extension 'colcon_notification.desktop_notification.notify_send': Could not find 'notify-send'
[2.425s] INFO:colcon.colcon_core.plugin_system:Skipping extension 'colcon_notification.desktop_notification.terminal_notifier': Not used on non-Darwin systems
[2.426s] INFO:colcon.colcon_core.plugin_system:Skipping extension 'colcon_notification.desktop_notification.win32': Not used on non-Windows systems
[2.427s] INFO:colcon.colcon_notification.desktop_notification:Sending desktop notification using 'notify2'
[2.428s] DEBUG:colcon.colcon_notification.desktop_notification.notify2:Failed to initialize notify2: org.freedesktop.DBus.Error.NotSupported: Unable to autolaunch a dbus-daemon without a $DISPLAY for X11
[2.428s] DEBUG:colcon.colcon_core.event_reactor:joined thread
[2.435s] INFO:colcon.colcon_core.shell:Creating prefix script '/root/mcity_socket_pub/install/local_setup.ps1'
[2.443s] INFO:colcon.colcon_core.shell:Creating prefix util module '/root/mcity_socket_pub/install/_local_setup_util_ps1.py'
[2.450s] INFO:colcon.colcon_core.shell:Creating prefix chain script '/root/mcity_socket_pub/install/setup.ps1'
[2.454s] INFO:colcon.colcon_core.shell:Creating prefix script '/root/mcity_socket_pub/install/local_setup.sh'
[2.455s] INFO:colcon.colcon_core.shell:Creating prefix util module '/root/mcity_socket_pub/install/_local_setup_util_sh.py'
[2.457s] INFO:colcon.colcon_core.shell:Creating prefix chain script '/root/mcity_socket_pub/install/setup.sh'
[2.460s] INFO:colcon.colcon_core.shell:Creating prefix script '/root/mcity_socket_pub/install/local_setup.bash'
[2.461s] INFO:colcon.colcon_core.shell:Creating prefix chain script '/root/mcity_socket_pub/install/setup.bash'
[2.464s] INFO:colcon.colcon_core.shell:Creating prefix script '/root/mcity_socket_pub/install/local_setup.zsh'
[2.465s] INFO:colcon.colcon_core.shell:Creating prefix chain script '/root/mcity_socket_pub/install/setup.zsh'
