running egg_info
creating build/mcity_socket_pub/mcity_socket_pub.egg-info
writing build/mcity_socket_pub/mcity_socket_pub.egg-info/PKG-INFO
writing dependency_links to build/mcity_socket_pub/mcity_socket_pub.egg-info/dependency_links.txt
writing entry points to build/mcity_socket_pub/mcity_socket_pub.egg-info/entry_points.txt
writing requirements to build/mcity_socket_pub/mcity_socket_pub.egg-info/requires.txt
writing top-level names to build/mcity_socket_pub/mcity_socket_pub.egg-info/top_level.txt
writing manifest file 'build/mcity_socket_pub/mcity_socket_pub.egg-info/SOURCES.txt'
reading manifest file 'build/mcity_socket_pub/mcity_socket_pub.egg-info/SOURCES.txt'
writing manifest file 'build/mcity_socket_pub/mcity_socket_pub.egg-info/SOURCES.txt'
running build
running build_py
creating /root/mcity_socket_pub/build/mcity_socket_pub/build
creating /root/mcity_socket_pub/build/mcity_socket_pub/build/lib
creating /root/mcity_socket_pub/build/mcity_socket_pub/build/lib/mcity_socket_pub
copying mcity_socket_pub/__init__.py -> /root/mcity_socket_pub/build/mcity_socket_pub/build/lib/mcity_socket_pub
copying mcity_socket_pub/publisher.py -> /root/mcity_socket_pub/build/mcity_socket_pub/build/lib/mcity_socket_pub
running install
running install_lib
creating /root/mcity_socket_pub/install/mcity_socket_pub/lib/python3.10/site-packages/mcity_socket_pub
copying /root/mcity_socket_pub/build/mcity_socket_pub/build/lib/mcity_socket_pub/__init__.py -> /root/mcity_socket_pub/install/mcity_socket_pub/lib/python3.10/site-packages/mcity_socket_pub
copying /root/mcity_socket_pub/build/mcity_socket_pub/build/lib/mcity_socket_pub/publisher.py -> /root/mcity_socket_pub/install/mcity_socket_pub/lib/python3.10/site-packages/mcity_socket_pub
byte-compiling /root/mcity_socket_pub/install/mcity_socket_pub/lib/python3.10/site-packages/mcity_socket_pub/__init__.py to __init__.cpython-310.pyc
byte-compiling /root/mcity_socket_pub/install/mcity_socket_pub/lib/python3.10/site-packages/mcity_socket_pub/publisher.py to publisher.cpython-310.pyc
running install_data
creating /root/mcity_socket_pub/install/mcity_socket_pub/share/ament_index
creating /root/mcity_socket_pub/install/mcity_socket_pub/share/ament_index/resource_index
creating /root/mcity_socket_pub/install/mcity_socket_pub/share/ament_index/resource_index/packages
copying resource/mcity_socket_pub -> /root/mcity_socket_pub/install/mcity_socket_pub/share/ament_index/resource_index/packages
copying package.xml -> /root/mcity_socket_pub/install/mcity_socket_pub/share/mcity_socket_pub
running install_egg_info
Copying build/mcity_socket_pub/mcity_socket_pub.egg-info to /root/mcity_socket_pub/install/mcity_socket_pub/lib/python3.10/site-packages/mcity_socket_pub-0.0.0-py3.10.egg-info
running install_scripts
writing list of installed files to '/root/mcity_socket_pub/build/mcity_socket_pub/install.log'
