[1.166s] Invoking command in '/root/mcity_socket_pub': PYTHONPATH=/root/mcity_socket_pub/build/mcity_socket_pub/prefix_override:/root/mcity_socket_pub/install/mcity_socket_pub/lib/python3.10/site-packages:${PYTHONPATH} /usr/bin/python3 setup.py egg_info --egg-base build/mcity_socket_pub build --build-base /root/mcity_socket_pub/build/mcity_socket_pub/build install --record /root/mcity_socket_pub/build/mcity_socket_pub/install.log --single-version-externally-managed
[1.584s] running egg_info
[1.585s] writing build/mcity_socket_pub/mcity_socket_pub.egg-info/PKG-INFO
[1.586s] writing dependency_links to build/mcity_socket_pub/mcity_socket_pub.egg-info/dependency_links.txt
[1.587s] writing entry points to build/mcity_socket_pub/mcity_socket_pub.egg-info/entry_points.txt
[1.587s] writing requirements to build/mcity_socket_pub/mcity_socket_pub.egg-info/requires.txt
[1.587s] writing top-level names to build/mcity_socket_pub/mcity_socket_pub.egg-info/top_level.txt
[1.591s] reading manifest file 'build/mcity_socket_pub/mcity_socket_pub.egg-info/SOURCES.txt'
[1.593s] writing manifest file 'build/mcity_socket_pub/mcity_socket_pub.egg-info/SOURCES.txt'
[1.593s] running build
[1.593s] running build_py
[1.593s] running install
[1.594s] /usr/lib/python3/dist-packages/setuptools/command/install.py:34: SetuptoolsDeprecationWarning: setup.py install is deprecated. Use build and pip and other standards-based tools.
[1.594s]   warnings.warn(
[1.594s] running install_lib
[1.596s] running install_data
[1.597s] running install_egg_info
[1.599s] removing '/root/mcity_socket_pub/install/mcity_socket_pub/lib/python3.10/site-packages/mcity_socket_pub-0.0.0-py3.10.egg-info' (and everything under it)
[1.599s] Copying build/mcity_socket_pub/mcity_socket_pub.egg-info to /root/mcity_socket_pub/install/mcity_socket_pub/lib/python3.10/site-packages/mcity_socket_pub-0.0.0-py3.10.egg-info
[1.601s] running install_scripts
[1.640s] Installing talker script to /root/mcity_socket_pub/install/mcity_socket_pub/lib/mcity_socket_pub
[1.641s] writing list of installed files to '/root/mcity_socket_pub/build/mcity_socket_pub/install.log'
[1.696s] Invoked command in '/root/mcity_socket_pub' returned '0': PYTHONPATH=/root/mcity_socket_pub/build/mcity_socket_pub/prefix_override:/root/mcity_socket_pub/install/mcity_socket_pub/lib/python3.10/site-packages:${PYTHONPATH} /usr/bin/python3 setup.py egg_info --egg-base build/mcity_socket_pub build --build-base /root/mcity_socket_pub/build/mcity_socket_pub/build install --record /root/mcity_socket_pub/build/mcity_socket_pub/install.log --single-version-externally-managed
