[1.210s] Invoking command in '/root/mcity_socket_pub': PYTHONPATH=/root/mcity_socket_pub/build/mcity_socket_pub/prefix_override:/root/mcity_socket_pub/install/mcity_socket_pub/lib/python3.10/site-packages:${PYTHONPATH} /usr/bin/python3 setup.py egg_info --egg-base build/mcity_socket_pub build --build-base /root/mcity_socket_pub/build/mcity_socket_pub/build install --record /root/mcity_socket_pub/build/mcity_socket_pub/install.log --single-version-externally-managed
[1.635s] running egg_info
[1.636s] writing build/mcity_socket_pub/mcity_socket_pub.egg-info/PKG-INFO
[1.639s] writing dependency_links to build/mcity_socket_pub/mcity_socket_pub.egg-info/dependency_links.txt
[1.642s] writing entry points to build/mcity_socket_pub/mcity_socket_pub.egg-info/entry_points.txt
[1.642s] writing requirements to build/mcity_socket_pub/mcity_socket_pub.egg-info/requires.txt
[1.642s] writing top-level names to build/mcity_socket_pub/mcity_socket_pub.egg-info/top_level.txt
[1.648s] reading manifest file 'build/mcity_socket_pub/mcity_socket_pub.egg-info/SOURCES.txt'
[1.651s] writing manifest file 'build/mcity_socket_pub/mcity_socket_pub.egg-info/SOURCES.txt'
[1.651s] running build
[1.651s] running build_py
[1.652s] running install
[1.652s] /usr/lib/python3/dist-packages/setuptools/command/install.py:34: SetuptoolsDeprecationWarning: setup.py install is deprecated. Use build and pip and other standards-based tools.
[1.652s]   warnings.warn(
[1.652s] running install_lib
[1.655s] running install_data
[1.655s] running install_egg_info
[1.661s] removing '/root/mcity_socket_pub/install/mcity_socket_pub/lib/python3.10/site-packages/mcity_socket_pub-0.0.0-py3.10.egg-info' (and everything under it)
[1.662s] Copying build/mcity_socket_pub/mcity_socket_pub.egg-info to /root/mcity_socket_pub/install/mcity_socket_pub/lib/python3.10/site-packages/mcity_socket_pub-0.0.0-py3.10.egg-info
[1.663s] running install_scripts
[1.698s] Installing talker script to /root/mcity_socket_pub/install/mcity_socket_pub/lib/mcity_socket_pub
[1.698s] writing list of installed files to '/root/mcity_socket_pub/build/mcity_socket_pub/install.log'
[1.747s] Invoked command in '/root/mcity_socket_pub' returned '0': PYTHONPATH=/root/mcity_socket_pub/build/mcity_socket_pub/prefix_override:/root/mcity_socket_pub/install/mcity_socket_pub/lib/python3.10/site-packages:${PYTHONPATH} /usr/bin/python3 setup.py egg_info --egg-base build/mcity_socket_pub build --build-base /root/mcity_socket_pub/build/mcity_socket_pub/build install --record /root/mcity_socket_pub/build/mcity_socket_pub/install.log --single-version-externally-managed
